<?xml version="1.0" encoding="UTF-8"?>
<!-- Generated by org.testng.reporters.JUnitReportReporter -->
<testsuite hostname="Naveen" failures="0" tests="1" name="practice.Demo2" time="0.014" errors="0" timestamp="2023-03-24T13:01:35 IST" skipped="0">
  <testcase classname="practice.Demo2" name="sample2" time="0.014"/>
  <system-out/>
</testsuite> <!-- practice.Demo2 -->
