<?xml version="1.0" encoding="UTF-8"?>
<!-- Generated by org.testng.reporters.JUnitReportReporter -->
<testsuite hostname="Naveen" failures="0" tests="1" name="practice.PracticTest" time="0.012" errors="0" timestamp="2023-03-23T10:49:21 IST" skipped="0">
  <testcase classname="practice.PracticTest" name="sample" time="0.012"/>
  <system-out/>
</testsuite> <!-- practice.PracticTest -->
