<?xml version="1.0" encoding="UTF-8"?>
<!-- Generated by org.testng.reporters.JUnitReportReporter -->
<testsuite hostname="Naveen" failures="0" tests="1" name="practice.Testing" time="0.014" errors="0" timestamp="2023-03-25T10:52:46 IST" skipped="0">
  <testcase classname="practice.Testing" name="Agaian" time="0.014"/>
  <system-out/>
</testsuite> <!-- practice.Testing -->
