<?xml version="1.0" encoding="UTF-8"?>
<!-- Generated by org.testng.reporters.JUnitReportReporter -->
<testsuite hostname="Naveen" failures="0" tests="1" name="practice.Demo" time="0.019" errors="0" timestamp="2023-03-24T12:52:57 IST" skipped="0">
  <testcase classname="practice.Demo" name="demoTest" time="0.019"/>
  <system-out/>
</testsuite> <!-- practice.Demo -->
